#
# A fatal error has been detected by the Java Runtime Environment:
#
#  EXCEPTION_ACCESS_VIOLATION (0xc0000005) at pc=0x00007ff8fa74bf00, pid=15596, tid=15100
#
# JRE version: Java(TM) SE Runtime Environment (17.0.2+8) (build 17.0.2+8-LTS-86)
# Java VM: Java HotSpot(TM) 64-Bit Server VM (17.0.2+8-LTS-86, mixed mode, sharing, tiered, compressed oops, compressed class ptrs, g1 gc, windows-amd64)
# Problematic frame:
# V  [jvm.dll+0xbf00]
#
# No core dump will be written. Minidumps are not enabled by default on client versions of Windows
#
# If you would like to submit a bug report, please visit:
#   https://bugreport.java.com/bugreport/crash.jsp
#

---------------  S U M M A R Y ------------

Command Line: -XX:+ShowCodeDetailsInExceptionMessages controllers.TestMl

Host: Intel(R) Core(TM) i5-7300U CPU @ 2.60GHz, 4 cores, 7G,  Windows 10 , 64 bit Build 19041 (10.0.19041.1889)
Time: Mon Oct 24 16:57:33 2022 Morocco Daylight Time elapsed time: 0.689909 seconds (0d 0h 0m 0s)

---------------  T H R E A D  ---------------

Current thread (0x00000194fcac4920):  JavaThread "main" [_thread_in_vm, id=15100, stack(0x0000004530e00000,0x0000004530f00000)]

Stack: [0x0000004530e00000,0x0000004530f00000],  sp=0x0000004530eff248,  free space=1020k
Native frames: (J=compiled Java code, j=interpreted, Vv=VM code, C=native code)
V  [jvm.dll+0xbf00]

Java frames: (J=compiled Java code, j=interpreted, Vv=VM code)
j  org.tensorflow.SavedModelBundle.load(Ljava/lang/String;[Ljava/lang/String;[B[B)Lorg/tensorflow/SavedModelBundle;+0
j  org.tensorflow.SavedModelBundle.access$000(Ljava/lang/String;[Ljava/lang/String;[B[B)Lorg/tensorflow/SavedModelBundle;+4
j  org.tensorflow.SavedModelBundle$Loader.load()Lorg/tensorflow/SavedModelBundle;+16
j  org.tensorflow.SavedModelBundle.load(Ljava/lang/String;[Ljava/lang/String;)Lorg/tensorflow/SavedModelBundle;+8
j  controllers.TestMl.main([Ljava/lang/String;)V+3
v  ~StubRoutines::call_stub

siginfo: EXCEPTION_ACCESS_VIOLATION (0xc0000005), reading address 0x0000000000000000


Register to memory mapping:

RIP=0x00007ff8fa74bf00 jvm.dll
RAX=0x0 is NULL
RBX=0x00000194fcac4920 is a thread
RCX=0x0 is NULL
RDX=0x0 is NULL
RSP=0x0000004530eff248 is pointing into the stack for thread: 0x00000194fcac4920
RBP=0x000001949bccf340 points into unknown readable memory: 0x000001949b20cda0 | a0 cd 20 9b 94 01 00 00
RSI=0x0 is NULL
RDI=0x0 is NULL
R8 =0x00007ff8fb1c5640 jvm.dll
R9 =0x0000000000000001 is an unknown value
R10=0x000001949bc4b898 points into unknown readable memory: 0x000001949bcd5e00 | 00 5e cd 9b 94 01 00 00
R11=0x000001949bc4b860 points into unknown readable memory: 0x2f2f3a7370747468 | 68 74 74 70 73 3a 2f 2f
R12=0x0 is NULL
R13=0x0 is NULL
R14=0x0000004530eff3e8 is pointing into the stack for thread: 0x00000194fcac4920
R15=0x000001949b63c460 points into unknown readable memory: 0x0000000000000000 | 00 00 00 00 00 00 00 00


Registers:
RAX=0x0000000000000000, RBX=0x00000194fcac4920, RCX=0x0000000000000000, RDX=0x0000000000000000
RSP=0x0000004530eff248, RBP=0x000001949bccf340, RSI=0x0000000000000000, RDI=0x0000000000000000
R8 =0x00007ff8fb1c5640, R9 =0x0000000000000001, R10=0x000001949bc4b898, R11=0x000001949bc4b860
R12=0x0000000000000000, R13=0x0000000000000000, R14=0x0000004530eff3e8, R15=0x000001949b63c460
RIP=0x00007ff8fa74bf00, EFLAGS=0x0000000000010246

Top of Stack: (sp=0x0000004530eff248)
0x0000004530eff248:   00007ff8fab22789 000001948778d621
0x0000004530eff258:   0000000000000000 00000194fcac4bc8
0x0000004530eff268:   0000000000000000 00000194fcac4bc8
0x0000004530eff278:   00007ff8eda16ae7 000001949ac00f48
0x0000004530eff288:   0000000000000000 000001949b63c460
0x0000004530eff298:   000001949ac00f48 0000004530eff3b0
0x0000004530eff2a8:   00007ff8faabe672 00000000001bbb99
0x0000004530eff2b8:   00000194877a6f42 000001949bc4b860
0x0000004530eff2c8:   00000194fcac4920 000001949ac00f48
0x0000004530eff2d8:   000001949bccf340 00000194fcac4920
0x0000004530eff2e8:   0000004530eff3e8 0000000000000000
0x0000004530eff2f8:   00000194fcac4920 0000004530eff9a0
0x0000004530eff308:   0000004530eff3b0 000001949ac00f48
0x0000004530eff318:   000001948778d621 000001949ac00f48
0x0000004530eff328:   0000004530eff3c0 0000004530eff3e8
0x0000004530eff338:   000001948778d352 0000000000000000 

Instructions: (pc=0x00007ff8fa74bf00)
0x00007ff8fa74be00:   1c f2 a6 00 48 83 c4 20 5b 48 ff e0 48 8d 05 ed
0x00007ff8fa74be10:   00 00 00 48 8b cb 48 89 05 03 f2 a6 00 48 83 c4
0x00007ff8fa74be20:   20 5b 48 ff e0 48 8d 05 d4 00 00 00 48 8b cb 48
0x00007ff8fa74be30:   89 05 ea f1 a6 00 48 83 c4 20 5b 48 ff e0 48 8b
0x00007ff8fa74be40:   0d cb e3 ac 00 8b 51 10 83 ea 01 0f 84 91 00 00
0x00007ff8fa74be50:   00 83 ea 01 74 73 83 ea 01 74 55 83 fa 01 74 37
0x00007ff8fa74be60:   4c 8d 0d d1 3c 82 00 41 b8 e9 00 00 00 48 8d 15
0x00007ff8fa74be70:   fc 3c 82 00 b9 00 00 00 e0 e8 02 6a 23 00 e8 9d
0x00007ff8fa74be80:   48 66 00 33 c0 48 8b cb 48 89 05 91 f1 a6 00 48
0x00007ff8fa74be90:   83 c4 20 5b 48 ff e0 48 8d 05 72 00 00 00 48 8b
0x00007ff8fa74bea0:   cb 48 89 05 78 f1 a6 00 48 83 c4 20 5b 48 ff e0
0x00007ff8fa74beb0:   48 8d 05 49 00 00 00 48 8b cb 48 89 05 5f f1 a6
0x00007ff8fa74bec0:   00 48 83 c4 20 5b 48 ff e0 48 8d 05 30 00 00 00
0x00007ff8fa74bed0:   48 8b cb 48 89 05 46 f1 a6 00 48 83 c4 20 5b 48
0x00007ff8fa74bee0:   ff e0 48 8d 05 17 00 00 00 48 8b cb 48 89 05 2d
0x00007ff8fa74bef0:   f1 a6 00 48 83 c4 20 5b 48 ff e0 cc cc cc cc cc
0x00007ff8fa74bf00:   48 8b 01 c3 cc cc cc cc cc cc cc cc cc cc cc cc
0x00007ff8fa74bf10:   48 89 5c 24 08 57 48 83 ec 20 48 8b 39 48 8b d9
0x00007ff8fa74bf20:   48 85 3d e1 bf b1 00 75 0e 48 8b c7 48 8b 5c 24
0x00007ff8fa74bf30:   30 48 83 c4 20 5f c3 48 8b cf e8 11 53 7f 00 48
0x00007ff8fa74bf40:   8b d0 48 85 c0 74 20 48 8b c7 f0 48 0f b1 13 74
0x00007ff8fa74bf50:   16 48 85 05 b0 bf b1 00 74 0d 48 8b c8 f0 48 0f
0x00007ff8fa74bf60:   b1 13 48 3b c1 75 ea 48 8b 5c 24 30 48 8b c2 48
0x00007ff8fa74bf70:   83 c4 20 5f c3 cc cc cc cc cc cc cc cc cc cc cc
0x00007ff8fa74bf80:   8b 44 24 30 45 03 c9 44 2b 4c 24 28 83 c0 0b 44
0x00007ff8fa74bf90:   03 ca 45 03 c8 41 03 c1 c3 cc cc cc cc cc cc cc
0x00007ff8fa74bfa0:   48 8b 41 08 0f b7 48 2a 0f b7 40 28 83 c0 48 03
0x00007ff8fa74bfb0:   c1 c3 cc cc cc cc cc cc cc cc cc cc cc cc cc cc
0x00007ff8fa74bfc0:   48 89 5c 24 08 57 48 83 ec 20 0f b6 05 1f c7 b1
0x00007ff8fa74bfd0:   00 48 8b fa 48 8b d9 84 c0 74 4f 48 85 15 26 bf
0x00007ff8fa74bfe0:   b1 00 74 38 48 8b ca e8 74 55 7f 00 48 8b d0 48
0x00007ff8fa74bff0:   85 db 74 25 48 85 c0 74 20 48 8b c7 f0 48 0f b1 


Stack slot to memory mapping:
stack at sp + 0 slots: 0x00007ff8fab22789 jvm.dll
stack at sp + 1 slots: 0x000001948778d621 is at code_begin+993 in an Interpreter codelet
method entry point (kind = native)  [0x000001948778d240, 0x000001948778dbc0]  2432 bytes
stack at sp + 2 slots: 0x0 is NULL
stack at sp + 3 slots: 0x00000194fcac4bc8 points into unknown readable memory: 0x00007ff8fb1c5640 | 40 56 1c fb f8 7f 00 00
stack at sp + 4 slots: 0x0 is NULL
stack at sp + 5 slots: 0x00000194fcac4bc8 points into unknown readable memory: 0x00007ff8fb1c5640 | 40 56 1c fb f8 7f 00 00
stack at sp + 6 slots: 0x00007ff8eda16ae7 tensorflow_jni.dll
stack at sp + 7 slots: {method} {0x000001949ac00f50} 'load' '(Ljava/lang/String;[Ljava/lang/String;[B[B)Lorg/tensorflow/SavedModelBundle;' in 'org/tensorflow/SavedModelBundle'


---------------  P R O C E S S  ---------------

Threads class SMR info:
_java_thread_list=0x000001949b194ff0, length=12, elements={
0x00000194fcac4920, 0x00000194ffba0840, 0x00000194ffba16b0, 0x00000194ffbb5ce0,
0x00000194ffbb8ba0, 0x00000194ffbb9550, 0x00000194ffbb9f00, 0x00000194ffbbac90,
0x00000194ffbbbed0, 0x00000194ffbc4c60, 0x000001949b188170, 0x000001949b195200
}

Java Threads: ( => current thread )
=>0x00000194fcac4920 JavaThread "main" [_thread_in_vm, id=15100, stack(0x0000004530e00000,0x0000004530f00000)]
  0x00000194ffba0840 JavaThread "Reference Handler" daemon [_thread_blocked, id=17964, stack(0x0000004531500000,0x0000004531600000)]
  0x00000194ffba16b0 JavaThread "Finalizer" daemon [_thread_blocked, id=3872, stack(0x0000004531600000,0x0000004531700000)]
  0x00000194ffbb5ce0 JavaThread "Signal Dispatcher" daemon [_thread_blocked, id=14492, stack(0x0000004531700000,0x0000004531800000)]
  0x00000194ffbb8ba0 JavaThread "Attach Listener" daemon [_thread_blocked, id=13088, stack(0x0000004531800000,0x0000004531900000)]
  0x00000194ffbb9550 JavaThread "Service Thread" daemon [_thread_blocked, id=15744, stack(0x0000004531900000,0x0000004531a00000)]
  0x00000194ffbb9f00 JavaThread "Monitor Deflation Thread" daemon [_thread_blocked, id=16984, stack(0x0000004531a00000,0x0000004531b00000)]
  0x00000194ffbbac90 JavaThread "C2 CompilerThread0" daemon [_thread_blocked, id=1104, stack(0x0000004531b00000,0x0000004531c00000)]
  0x00000194ffbbbed0 JavaThread "C1 CompilerThread0" daemon [_thread_blocked, id=13040, stack(0x0000004531c00000,0x0000004531d00000)]
  0x00000194ffbc4c60 JavaThread "Sweeper thread" daemon [_thread_blocked, id=6472, stack(0x0000004531d00000,0x0000004531e00000)]
  0x000001949b188170 JavaThread "Notification Thread" daemon [_thread_blocked, id=15672, stack(0x0000004531e00000,0x0000004531f00000)]
  0x000001949b195200 JavaThread "Common-Cleaner" daemon [_thread_blocked, id=15080, stack(0x0000004532000000,0x0000004532100000)]

Other Threads:
  0x00000194ffb99490 VMThread "VM Thread" [stack: 0x0000004531400000,0x0000004531500000] [id=1032]
  0x00000194fcb23bf0 WatcherThread [stack: 0x0000004531f00000,0x0000004532000000] [id=10860]
  0x00000194fcb067a0 GCTaskThread "GC Thread#0" [stack: 0x0000004530f00000,0x0000004531000000] [id=19100]
  0x00000194fcb17320 ConcurrentGCThread "G1 Main Marker" [stack: 0x0000004531000000,0x0000004531100000] [id=7436]
  0x00000194fcb17d30 ConcurrentGCThread "G1 Conc#0" [stack: 0x0000004531100000,0x0000004531200000] [id=17276]
  0x00000194fcb82810 ConcurrentGCThread "G1 Refine#0" [stack: 0x0000004531200000,0x0000004531300000] [id=13984]
  0x00000194fcb83230 ConcurrentGCThread "G1 Service" [stack: 0x0000004531300000,0x0000004531400000] [id=12356]

Threads with active compile tasks:

VM state: not at safepoint (normal execution)

VM Mutex/Monitor currently owned by a thread: None

Heap address: 0x0000000081e00000, size: 2018 MB, Compressed Oops mode: 32-bit

CDS archive(s) mapped at: [0x0000000800000000-0x0000000800bc0000-0x0000000800bc0000), size 12320768, SharedBaseAddress: 0x0000000800000000, ArchiveRelocationMode: 0.
Compressed class space mapped at: 0x0000000800c00000-0x0000000840c00000, reserved size: 1073741824
Narrow klass base: 0x0000000800000000, Narrow klass shift: 0, Narrow klass range: 0x100000000

GC Precious Log:
 CPUs: 4 total, 4 available
 Memory: 8067M
 Large Page Support: Disabled
 NUMA Support: Disabled
 Compressed Oops: Enabled (32-bit)
 Heap Region Size: 1M
 Heap Min Capacity: 8M
 Heap Initial Capacity: 128M
 Heap Max Capacity: 2018M
 Pre-touch: Disabled
 Parallel Workers: 4
 Concurrent Workers: 1
 Concurrent Refinement Workers: 4
 Periodic GC: Disabled

Heap:
 garbage-first heap   total 131072K, used 6144K [0x0000000081e00000, 0x0000000100000000)
  region size 1024K, 5 young (5120K), 0 survivors (0K)
 Metaspace       used 549K, committed 704K, reserved 1056768K
  class space    used 34K, committed 128K, reserved 1048576K

Heap Regions: E=young(eden), S=young(survivor), O=old, HS=humongous(starts), HC=humongous(continues), CS=collection set, F=free, OA=open archive, CA=closed archive, TAMS=top-at-mark-start (previous, next)
|   0|0x0000000081e00000, 0x0000000081f00000, 0x0000000081f00000|100%|HS|  |TAMS 0x0000000081e00000, 0x0000000081e00000| Complete 
|   1|0x0000000081f00000, 0x0000000082000000, 0x0000000082000000|100%|HC|  |TAMS 0x0000000081f00000, 0x0000000081f00000| Complete 
|   2|0x0000000082000000, 0x0000000082000000, 0x0000000082100000|  0%| F|  |TAMS 0x0000000082000000, 0x0000000082000000| Untracked 
|   3|0x0000000082100000, 0x0000000082100000, 0x0000000082200000|  0%| F|  |TAMS 0x0000000082100000, 0x0000000082100000| Untracked 
|   4|0x0000000082200000, 0x0000000082200000, 0x0000000082300000|  0%| F|  |TAMS 0x0000000082200000, 0x0000000082200000| Untracked 
|   5|0x0000000082300000, 0x0000000082300000, 0x0000000082400000|  0%| F|  |TAMS 0x0000000082300000, 0x0000000082300000| Untracked 
|   6|0x0000000082400000, 0x0000000082400000, 0x0000000082500000|  0%| F|  |TAMS 0x0000000082400000, 0x0000000082400000| Untracked 
|   7|0x0000000082500000, 0x0000000082500000, 0x0000000082600000|  0%| F|  |TAMS 0x0000000082500000, 0x0000000082500000| Untracked 
|   8|0x0000000082600000, 0x0000000082600000, 0x0000000082700000|  0%| F|  |TAMS 0x0000000082600000, 0x0000000082600000| Untracked 
|   9|0x0000000082700000, 0x0000000082700000, 0x0000000082800000|  0%| F|  |TAMS 0x0000000082700000, 0x0000000082700000| Untracked 
|  10|0x0000000082800000, 0x0000000082800000, 0x0000000082900000|  0%| F|  |TAMS 0x0000000082800000, 0x0000000082800000| Untracked 
|  11|0x0000000082900000, 0x0000000082900000, 0x0000000082a00000|  0%| F|  |TAMS 0x0000000082900000, 0x0000000082900000| Untracked 
|  12|0x0000000082a00000, 0x0000000082a00000, 0x0000000082b00000|  0%| F|  |TAMS 0x0000000082a00000, 0x0000000082a00000| Untracked 
|  13|0x0000000082b00000, 0x0000000082b00000, 0x0000000082c00000|  0%| F|  |TAMS 0x0000000082b00000, 0x0000000082b00000| Untracked 
|  14|0x0000000082c00000, 0x0000000082c00000, 0x0000000082d00000|  0%| F|  |TAMS 0x0000000082c00000, 0x0000000082c00000| Untracked 
|  15|0x0000000082d00000, 0x0000000082d00000, 0x0000000082e00000|  0%| F|  |TAMS 0x0000000082d00000, 0x0000000082d00000| Untracked 
|  16|0x0000000082e00000, 0x0000000082e00000, 0x0000000082f00000|  0%| F|  |TAMS 0x0000000082e00000, 0x0000000082e00000| Untracked 
|  17|0x0000000082f00000, 0x0000000082f00000, 0x0000000083000000|  0%| F|  |TAMS 0x0000000082f00000, 0x0000000082f00000| Untracked 
|  18|0x0000000083000000, 0x0000000083000000, 0x0000000083100000|  0%| F|  |TAMS 0x0000000083000000, 0x0000000083000000| Untracked 
|  19|0x0000000083100000, 0x0000000083100000, 0x0000000083200000|  0%| F|  |TAMS 0x0000000083100000, 0x0000000083100000| Untracked 
|  20|0x0000000083200000, 0x0000000083200000, 0x0000000083300000|  0%| F|  |TAMS 0x0000000083200000, 0x0000000083200000| Untracked 
|  21|0x0000000083300000, 0x0000000083300000, 0x0000000083400000|  0%| F|  |TAMS 0x0000000083300000, 0x0000000083300000| Untracked 
|  22|0x0000000083400000, 0x0000000083400000, 0x0000000083500000|  0%| F|  |TAMS 0x0000000083400000, 0x0000000083400000| Untracked 
|  23|0x0000000083500000, 0x0000000083500000, 0x0000000083600000|  0%| F|  |TAMS 0x0000000083500000, 0x0000000083500000| Untracked 
|  24|0x0000000083600000, 0x0000000083600000, 0x0000000083700000|  0%| F|  |TAMS 0x0000000083600000, 0x0000000083600000| Untracked 
|  25|0x0000000083700000, 0x0000000083700000, 0x0000000083800000|  0%| F|  |TAMS 0x0000000083700000, 0x0000000083700000| Untracked 
|  26|0x0000000083800000, 0x0000000083800000, 0x0000000083900000|  0%| F|  |TAMS 0x0000000083800000, 0x0000000083800000| Untracked 
|  27|0x0000000083900000, 0x0000000083900000, 0x0000000083a00000|  0%| F|  |TAMS 0x0000000083900000, 0x0000000083900000| Untracked 
|  28|0x0000000083a00000, 0x0000000083a00000, 0x0000000083b00000|  0%| F|  |TAMS 0x0000000083a00000, 0x0000000083a00000| Untracked 
|  29|0x0000000083b00000, 0x0000000083b00000, 0x0000000083c00000|  0%| F|  |TAMS 0x0000000083b00000, 0x0000000083b00000| Untracked 
|  30|0x0000000083c00000, 0x0000000083c00000, 0x0000000083d00000|  0%| F|  |TAMS 0x0000000083c00000, 0x0000000083c00000| Untracked 
|  31|0x0000000083d00000, 0x0000000083d00000, 0x0000000083e00000|  0%| F|  |TAMS 0x0000000083d00000, 0x0000000083d00000| Untracked 
|  32|0x0000000083e00000, 0x0000000083e00000, 0x0000000083f00000|  0%| F|  |TAMS 0x0000000083e00000, 0x0000000083e00000| Untracked 
|  33|0x0000000083f00000, 0x0000000083f00000, 0x0000000084000000|  0%| F|  |TAMS 0x0000000083f00000, 0x0000000083f00000| Untracked 
|  34|0x0000000084000000, 0x0000000084000000, 0x0000000084100000|  0%| F|  |TAMS 0x0000000084000000, 0x0000000084000000| Untracked 
|  35|0x0000000084100000, 0x0000000084100000, 0x0000000084200000|  0%| F|  |TAMS 0x0000000084100000, 0x0000000084100000| Untracked 
|  36|0x0000000084200000, 0x0000000084200000, 0x0000000084300000|  0%| F|  |TAMS 0x0000000084200000, 0x0000000084200000| Untracked 
|  37|0x0000000084300000, 0x0000000084300000, 0x0000000084400000|  0%| F|  |TAMS 0x0000000084300000, 0x0000000084300000| Untracked 
|  38|0x0000000084400000, 0x0000000084400000, 0x0000000084500000|  0%| F|  |TAMS 0x0000000084400000, 0x0000000084400000| Untracked 
|  39|0x0000000084500000, 0x0000000084500000, 0x0000000084600000|  0%| F|  |TAMS 0x0000000084500000, 0x0000000084500000| Untracked 
|  40|0x0000000084600000, 0x0000000084600000, 0x0000000084700000|  0%| F|  |TAMS 0x0000000084600000, 0x0000000084600000| Untracked 
|  41|0x0000000084700000, 0x0000000084700000, 0x0000000084800000|  0%| F|  |TAMS 0x0000000084700000, 0x0000000084700000| Untracked 
|  42|0x0000000084800000, 0x0000000084800000, 0x0000000084900000|  0%| F|  |TAMS 0x0000000084800000, 0x0000000084800000| Untracked 
|  43|0x0000000084900000, 0x0000000084900000, 0x0000000084a00000|  0%| F|  |TAMS 0x0000000084900000, 0x0000000084900000| Untracked 
|  44|0x0000000084a00000, 0x0000000084a00000, 0x0000000084b00000|  0%| F|  |TAMS 0x0000000084a00000, 0x0000000084a00000| Untracked 
|  45|0x0000000084b00000, 0x0000000084b00000, 0x0000000084c00000|  0%| F|  |TAMS 0x0000000084b00000, 0x0000000084b00000| Untracked 
|  46|0x0000000084c00000, 0x0000000084c00000, 0x0000000084d00000|  0%| F|  |TAMS 0x0000000084c00000, 0x0000000084c00000| Untracked 
|  47|0x0000000084d00000, 0x0000000084d00000, 0x0000000084e00000|  0%| F|  |TAMS 0x0000000084d00000, 0x0000000084d00000| Untracked 
|  48|0x0000000084e00000, 0x0000000084e00000, 0x0000000084f00000|  0%| F|  |TAMS 0x0000000084e00000, 0x0000000084e00000| Untracked 
|  49|0x0000000084f00000, 0x0000000084f00000, 0x0000000085000000|  0%| F|  |TAMS 0x0000000084f00000, 0x0000000084f00000| Untracked 
|  50|0x0000000085000000, 0x0000000085000000, 0x0000000085100000|  0%| F|  |TAMS 0x0000000085000000, 0x0000000085000000| Untracked 
|  51|0x0000000085100000, 0x0000000085100000, 0x0000000085200000|  0%| F|  |TAMS 0x0000000085100000, 0x0000000085100000| Untracked 
|  52|0x0000000085200000, 0x0000000085200000, 0x0000000085300000|  0%| F|  |TAMS 0x0000000085200000, 0x0000000085200000| Untracked 
|  53|0x0000000085300000, 0x0000000085300000, 0x0000000085400000|  0%| F|  |TAMS 0x0000000085300000, 0x0000000085300000| Untracked 
|  54|0x0000000085400000, 0x0000000085400000, 0x0000000085500000|  0%| F|  |TAMS 0x0000000085400000, 0x0000000085400000| Untracked 
|  55|0x0000000085500000, 0x0000000085500000, 0x0000000085600000|  0%| F|  |TAMS 0x0000000085500000, 0x0000000085500000| Untracked 
|  56|0x0000000085600000, 0x0000000085600000, 0x0000000085700000|  0%| F|  |TAMS 0x0000000085600000, 0x0000000085600000| Untracked 
|  57|0x0000000085700000, 0x0000000085700000, 0x0000000085800000|  0%| F|  |TAMS 0x0000000085700000, 0x0000000085700000| Untracked 
|  58|0x0000000085800000, 0x0000000085800000, 0x0000000085900000|  0%| F|  |TAMS 0x0000000085800000, 0x0000000085800000| Untracked 
|  59|0x0000000085900000, 0x0000000085900000, 0x0000000085a00000|  0%| F|  |TAMS 0x0000000085900000, 0x0000000085900000| Untracked 
|  60|0x0000000085a00000, 0x0000000085a00000, 0x0000000085b00000|  0%| F|  |TAMS 0x0000000085a00000, 0x0000000085a00000| Untracked 
|  61|0x0000000085b00000, 0x0000000085b00000, 0x0000000085c00000|  0%| F|  |TAMS 0x0000000085b00000, 0x0000000085b00000| Untracked 
|  62|0x0000000085c00000, 0x0000000085c00000, 0x0000000085d00000|  0%| F|  |TAMS 0x0000000085c00000, 0x0000000085c00000| Untracked 
|  63|0x0000000085d00000, 0x0000000085d00000, 0x0000000085e00000|  0%| F|  |TAMS 0x0000000085d00000, 0x0000000085d00000| Untracked 
|  64|0x0000000085e00000, 0x0000000085e00000, 0x0000000085f00000|  0%| F|  |TAMS 0x0000000085e00000, 0x0000000085e00000| Untracked 
|  65|0x0000000085f00000, 0x0000000085f00000, 0x0000000086000000|  0%| F|  |TAMS 0x0000000085f00000, 0x0000000085f00000| Untracked 
|  66|0x0000000086000000, 0x0000000086000000, 0x0000000086100000|  0%| F|  |TAMS 0x0000000086000000, 0x0000000086000000| Untracked 
|  67|0x0000000086100000, 0x0000000086100000, 0x0000000086200000|  0%| F|  |TAMS 0x0000000086100000, 0x0000000086100000| Untracked 
|  68|0x0000000086200000, 0x0000000086200000, 0x0000000086300000|  0%| F|  |TAMS 0x0000000086200000, 0x0000000086200000| Untracked 
|  69|0x0000000086300000, 0x0000000086300000, 0x0000000086400000|  0%| F|  |TAMS 0x0000000086300000, 0x0000000086300000| Untracked 
|  70|0x0000000086400000, 0x0000000086400000, 0x0000000086500000|  0%| F|  |TAMS 0x0000000086400000, 0x0000000086400000| Untracked 
|  71|0x0000000086500000, 0x0000000086500000, 0x0000000086600000|  0%| F|  |TAMS 0x0000000086500000, 0x0000000086500000| Untracked 
|  72|0x0000000086600000, 0x0000000086600000, 0x0000000086700000|  0%| F|  |TAMS 0x0000000086600000, 0x0000000086600000| Untracked 
|  73|0x0000000086700000, 0x0000000086700000, 0x0000000086800000|  0%| F|  |TAMS 0x0000000086700000, 0x0000000086700000| Untracked 
|  74|0x0000000086800000, 0x0000000086800000, 0x0000000086900000|  0%| F|  |TAMS 0x0000000086800000, 0x0000000086800000| Untracked 
|  75|0x0000000086900000, 0x0000000086900000, 0x0000000086a00000|  0%| F|  |TAMS 0x0000000086900000, 0x0000000086900000| Untracked 
|  76|0x0000000086a00000, 0x0000000086a00000, 0x0000000086b00000|  0%| F|  |TAMS 0x0000000086a00000, 0x0000000086a00000| Untracked 
|  77|0x0000000086b00000, 0x0000000086b00000, 0x0000000086c00000|  0%| F|  |TAMS 0x0000000086b00000, 0x0000000086b00000| Untracked 
|  78|0x0000000086c00000, 0x0000000086c00000, 0x0000000086d00000|  0%| F|  |TAMS 0x0000000086c00000, 0x0000000086c00000| Untracked 
|  79|0x0000000086d00000, 0x0000000086d00000, 0x0000000086e00000|  0%| F|  |TAMS 0x0000000086d00000, 0x0000000086d00000| Untracked 
|  80|0x0000000086e00000, 0x0000000086e00000, 0x0000000086f00000|  0%| F|  |TAMS 0x0000000086e00000, 0x0000000086e00000| Untracked 
|  81|0x0000000086f00000, 0x0000000086f00000, 0x0000000087000000|  0%| F|  |TAMS 0x0000000086f00000, 0x0000000086f00000| Untracked 
|  82|0x0000000087000000, 0x0000000087000000, 0x0000000087100000|  0%| F|  |TAMS 0x0000000087000000, 0x0000000087000000| Untracked 
|  83|0x0000000087100000, 0x0000000087100000, 0x0000000087200000|  0%| F|  |TAMS 0x0000000087100000, 0x0000000087100000| Untracked 
|  84|0x0000000087200000, 0x0000000087200000, 0x0000000087300000|  0%| F|  |TAMS 0x0000000087200000, 0x0000000087200000| Untracked 
|  85|0x0000000087300000, 0x0000000087300000, 0x0000000087400000|  0%| F|  |TAMS 0x0000000087300000, 0x0000000087300000| Untracked 
|  86|0x0000000087400000, 0x0000000087400000, 0x0000000087500000|  0%| F|  |TAMS 0x0000000087400000, 0x0000000087400000| Untracked 
|  87|0x0000000087500000, 0x0000000087500000, 0x0000000087600000|  0%| F|  |TAMS 0x0000000087500000, 0x0000000087500000| Untracked 
|  88|0x0000000087600000, 0x0000000087600000, 0x0000000087700000|  0%| F|  |TAMS 0x0000000087600000, 0x0000000087600000| Untracked 
|  89|0x0000000087700000, 0x0000000087700000, 0x0000000087800000|  0%| F|  |TAMS 0x0000000087700000, 0x0000000087700000| Untracked 
|  90|0x0000000087800000, 0x0000000087800000, 0x0000000087900000|  0%| F|  |TAMS 0x0000000087800000, 0x0000000087800000| Untracked 
|  91|0x0000000087900000, 0x0000000087900000, 0x0000000087a00000|  0%| F|  |TAMS 0x0000000087900000, 0x0000000087900000| Untracked 
|  92|0x0000000087a00000, 0x0000000087a00000, 0x0000000087b00000|  0%| F|  |TAMS 0x0000000087a00000, 0x0000000087a00000| Untracked 
|  93|0x0000000087b00000, 0x0000000087b00000, 0x0000000087c00000|  0%| F|  |TAMS 0x0000000087b00000, 0x0000000087b00000| Untracked 
|  94|0x0000000087c00000, 0x0000000087c00000, 0x0000000087d00000|  0%| F|  |TAMS 0x0000000087c00000, 0x0000000087c00000| Untracked 
|  95|0x0000000087d00000, 0x0000000087d00000, 0x0000000087e00000|  0%| F|  |TAMS 0x0000000087d00000, 0x0000000087d00000| Untracked 
|  96|0x0000000087e00000, 0x0000000087e00000, 0x0000000087f00000|  0%| F|  |TAMS 0x0000000087e00000, 0x0000000087e00000| Untracked 
|  97|0x0000000087f00000, 0x0000000087f00000, 0x0000000088000000|  0%| F|  |TAMS 0x0000000087f00000, 0x0000000087f00000| Untracked 
|  98|0x0000000088000000, 0x0000000088000000, 0x0000000088100000|  0%| F|  |TAMS 0x0000000088000000, 0x0000000088000000| Untracked 
|  99|0x0000000088100000, 0x0000000088100000, 0x0000000088200000|  0%| F|  |TAMS 0x0000000088100000, 0x0000000088100000| Untracked 
| 100|0x0000000088200000, 0x0000000088200000, 0x0000000088300000|  0%| F|  |TAMS 0x0000000088200000, 0x0000000088200000| Untracked 
| 101|0x0000000088300000, 0x0000000088300000, 0x0000000088400000|  0%| F|  |TAMS 0x0000000088300000, 0x0000000088300000| Untracked 
| 102|0x0000000088400000, 0x0000000088400000, 0x0000000088500000|  0%| F|  |TAMS 0x0000000088400000, 0x0000000088400000| Untracked 
| 103|0x0000000088500000, 0x0000000088500000, 0x0000000088600000|  0%| F|  |TAMS 0x0000000088500000, 0x0000000088500000| Untracked 
| 104|0x0000000088600000, 0x0000000088600000, 0x0000000088700000|  0%| F|  |TAMS 0x0000000088600000, 0x0000000088600000| Untracked 
| 105|0x0000000088700000, 0x0000000088700000, 0x0000000088800000|  0%| F|  |TAMS 0x0000000088700000, 0x0000000088700000| Untracked 
| 106|0x0000000088800000, 0x0000000088800000, 0x0000000088900000|  0%| F|  |TAMS 0x0000000088800000, 0x0000000088800000| Untracked 
| 107|0x0000000088900000, 0x0000000088900000, 0x0000000088a00000|  0%| F|  |TAMS 0x0000000088900000, 0x0000000088900000| Untracked 
| 108|0x0000000088a00000, 0x0000000088a00000, 0x0000000088b00000|  0%| F|  |TAMS 0x0000000088a00000, 0x0000000088a00000| Untracked 
| 109|0x0000000088b00000, 0x0000000088b00000, 0x0000000088c00000|  0%| F|  |TAMS 0x0000000088b00000, 0x0000000088b00000| Untracked 
| 110|0x0000000088c00000, 0x0000000088c00000, 0x0000000088d00000|  0%| F|  |TAMS 0x0000000088c00000, 0x0000000088c00000| Untracked 
| 111|0x0000000088d00000, 0x0000000088d00000, 0x0000000088e00000|  0%| F|  |TAMS 0x0000000088d00000, 0x0000000088d00000| Untracked 
| 112|0x0000000088e00000, 0x0000000088e00000, 0x0000000088f00000|  0%| F|  |TAMS 0x0000000088e00000, 0x0000000088e00000| Untracked 
| 113|0x0000000088f00000, 0x0000000088f00000, 0x0000000089000000|  0%| F|  |TAMS 0x0000000088f00000, 0x0000000088f00000| Untracked 
| 114|0x0000000089000000, 0x0000000089000000, 0x0000000089100000|  0%| F|  |TAMS 0x0000000089000000, 0x0000000089000000| Untracked 
| 115|0x0000000089100000, 0x0000000089100000, 0x0000000089200000|  0%| F|  |TAMS 0x0000000089100000, 0x0000000089100000| Untracked 
| 116|0x0000000089200000, 0x0000000089200000, 0x0000000089300000|  0%| F|  |TAMS 0x0000000089200000, 0x0000000089200000| Untracked 
| 117|0x0000000089300000, 0x0000000089300000, 0x0000000089400000|  0%| F|  |TAMS 0x0000000089300000, 0x0000000089300000| Untracked 
| 118|0x0000000089400000, 0x0000000089400000, 0x0000000089500000|  0%| F|  |TAMS 0x0000000089400000, 0x0000000089400000| Untracked 
| 119|0x0000000089500000, 0x0000000089500000, 0x0000000089600000|  0%| F|  |TAMS 0x0000000089500000, 0x0000000089500000| Untracked 
| 120|0x0000000089600000, 0x0000000089600000, 0x0000000089700000|  0%| F|  |TAMS 0x0000000089600000, 0x0000000089600000| Untracked 
| 121|0x0000000089700000, 0x0000000089700000, 0x0000000089800000|  0%| F|  |TAMS 0x0000000089700000, 0x0000000089700000| Untracked 
| 122|0x0000000089800000, 0x0000000089800000, 0x0000000089900000|  0%| F|  |TAMS 0x0000000089800000, 0x0000000089800000| Untracked 
| 123|0x0000000089900000, 0x0000000089943500, 0x0000000089a00000| 26%| E|  |TAMS 0x0000000089900000, 0x0000000089900000| Complete 
| 124|0x0000000089a00000, 0x0000000089b00000, 0x0000000089b00000|100%| E|CS|TAMS 0x0000000089a00000, 0x0000000089a00000| Complete 
| 125|0x0000000089b00000, 0x0000000089c00000, 0x0000000089c00000|100%| E|CS|TAMS 0x0000000089b00000, 0x0000000089b00000| Complete 
| 126|0x0000000089c00000, 0x0000000089d00000, 0x0000000089d00000|100%| E|CS|TAMS 0x0000000089c00000, 0x0000000089c00000| Complete 
| 127|0x0000000089d00000, 0x0000000089e00000, 0x0000000089e00000|100%| E|CS|TAMS 0x0000000089d00000, 0x0000000089d00000| Complete 

Card table byte_map: [0x00000194fcfa0000,0x00000194fd3a0000] _byte_map_base: 0x00000194fcb91000

Marking Bits (Prev, Next): (CMBitMap*) 0x00000194fcb06db0, (CMBitMap*) 0x00000194fcb06df0
 Prev Bits: [0x00000194fd7a0000, 0x00000194ff728000)
 Next Bits: [0x0000019496780000, 0x0000019498708000)

Polling page: 0x00000194fa9c0000

Metaspace:

Usage:
  Non-class:    515.20 KB used.
      Class:     34.17 KB used.
       Both:    549.37 KB used.

Virtual space:
  Non-class space:        8.00 MB reserved,     576.00 KB (  7%) committed,  1 nodes.
      Class space:        1.00 GB reserved,     128.00 KB ( <1%) committed,  1 nodes.
             Both:        1.01 GB reserved,     704.00 KB ( <1%) committed. 

Chunk freelists:
   Non-Class:  3.97 MB
       Class:  3.74 MB
        Both:  7.71 MB

MaxMetaspaceSize: unlimited
CompressedClassSpaceSize: 1.00 GB
Initial GC threshold: 21.00 MB
Current GC threshold: 21.00 MB
CDS: on
MetaspaceReclaimPolicy: balanced
 - commit_granule_bytes: 65536.
 - commit_granule_words: 8192.
 - virtual_space_node_default_size: 1048576.
 - enlarge_chunks_in_place: 1.
 - new_chunks_are_fully_committed: 0.
 - uncommit_free_chunks: 1.
 - use_allocation_guard: 0.
 - handle_deallocations: 1.


Internal statistics:

num_allocs_failed_limit: 0.
num_arena_births: 6.
num_arena_deaths: 0.
num_vsnodes_births: 2.
num_vsnodes_deaths: 0.
num_space_committed: 11.
num_space_uncommitted: 0.
num_chunks_returned_to_freelist: 0.
num_chunks_taken_from_freelist: 12.
num_chunk_merges: 0.
num_chunk_splits: 6.
num_chunks_enlarged: 3.
num_purges: 0.
num_inconsistent_stats: 0.

CodeHeap 'non-profiled nmethods': size=120000Kb used=81Kb max_used=81Kb free=119918Kb
 bounds [0x000001948f250000, 0x000001948f4c0000, 0x0000019496780000]
CodeHeap 'profiled nmethods': size=120000Kb used=324Kb max_used=324Kb free=119675Kb
 bounds [0x0000019487d20000, 0x0000019487f90000, 0x000001948f250000]
CodeHeap 'non-nmethods': size=5760Kb used=1100Kb max_used=1116Kb free=4659Kb
 bounds [0x0000019487780000, 0x00000194879f0000, 0x0000019487d20000]
 total_blobs=626 nmethods=251 adapters=288
 compilation: enabled
              stopped_count=0, restarted_count=0
 full_count=0

Compilation events (20 events):
Event: 0.244 Thread 0x00000194ffbbbed0  240       3       java.io.FilterInputStream::read (9 bytes)
Event: 0.244 Thread 0x00000194ffbbbed0 nmethod 240 0x0000019487d6e090 code [0x0000019487d6e240, 0x0000019487d6e428]
Event: 0.244 Thread 0x00000194ffbbbed0  241       3       java.io.FilterInputStream::read (11 bytes)
Event: 0.244 Thread 0x00000194ffbbbed0 nmethod 241 0x0000019487d6e510 code [0x0000019487d6e6c0, 0x0000019487d6e888]
Event: 0.244 Thread 0x00000194ffbbbed0  242       3       java.io.FileOutputStream::write (20 bytes)
Event: 0.244 Thread 0x00000194ffbbbed0 nmethod 242 0x0000019487d6e990 code [0x0000019487d6eb40, 0x0000019487d6ed08]
Event: 0.252 Thread 0x00000194ffbbbed0  243   !   3       java.util.zip.Inflater::needsInput (55 bytes)
Event: 0.252 Thread 0x00000194ffbbbed0 nmethod 243 0x0000019487d6ee10 code [0x0000019487d6efc0, 0x0000019487d6f378]
Event: 0.254 Thread 0x00000194ffbbbed0  244       3       java.util.zip.ZipFile$ZipFileInputStream::initDataOffset (117 bytes)
Event: 0.255 Thread 0x00000194ffbbbed0 nmethod 244 0x0000019487d6f490 code [0x0000019487d6f6a0, 0x0000019487d6fe48]
Event: 0.255 Thread 0x00000194ffbbbed0  245   !   3       java.util.zip.ZipFile$Source::readAt (39 bytes)
Event: 0.255 Thread 0x00000194ffbbbed0 nmethod 245 0x0000019487d70190 code [0x0000019487d70380, 0x0000019487d707e8]
Event: 0.524 Thread 0x00000194ffbbac90  247       4       java.util.zip.Inflater::ensureOpen (47 bytes)
Event: 0.524 Thread 0x00000194ffbbac90 nmethod 247 0x000001948f262d90 code [0x000001948f262f00, 0x000001948f262fb8]
Event: 0.528 Thread 0x00000194ffbbac90  248   !   4       java.util.zip.Inflater::inflate (418 bytes)
Event: 0.533 Thread 0x00000194ffbbac90 nmethod 248 0x000001948f263090 code [0x000001948f263240, 0x000001948f2637c8]
Event: 0.543 Thread 0x00000194ffbbac90  249       4       java.lang.StringLatin1::indexOfChar (33 bytes)
Event: 0.545 Thread 0x00000194ffbbac90 nmethod 249 0x000001948f263c90 code [0x000001948f263e00, 0x000001948f263fb8]
Event: 0.672 Thread 0x00000194ffbbbed0  251       3       java.lang.String::lastIndexOf (29 bytes)
Event: 0.673 Thread 0x00000194ffbbbed0 nmethod 251 0x0000019487d70b10 code [0x0000019487d70ce0, 0x0000019487d70f78]

GC Heap History (0 events):
No events

Deoptimization events (20 events):
Event: 0.128 Thread 0x00000194fcac4920 DEOPT PACKING pc=0x0000019487d38f0c sp=0x0000004530efd9a0
Event: 0.128 Thread 0x00000194fcac4920 DEOPT UNPACKING pc=0x00000194877d2b43 sp=0x0000004530efce30 mode 0
Event: 0.128 Thread 0x00000194fcac4920 DEOPT PACKING pc=0x0000019487d38f0c sp=0x0000004530efd9a0
Event: 0.128 Thread 0x00000194fcac4920 DEOPT UNPACKING pc=0x00000194877d2b43 sp=0x0000004530efce30 mode 0
Event: 0.128 Thread 0x00000194fcac4920 DEOPT PACKING pc=0x0000019487d38f0c sp=0x0000004530efd9a0
Event: 0.128 Thread 0x00000194fcac4920 DEOPT UNPACKING pc=0x00000194877d2b43 sp=0x0000004530efce30 mode 0
Event: 0.129 Thread 0x00000194fcac4920 DEOPT PACKING pc=0x0000019487d38f0c sp=0x0000004530efd9a0
Event: 0.129 Thread 0x00000194fcac4920 DEOPT UNPACKING pc=0x00000194877d2b43 sp=0x0000004530efce30 mode 0
Event: 0.129 Thread 0x00000194fcac4920 DEOPT PACKING pc=0x0000019487d38f0c sp=0x0000004530efd9a0
Event: 0.129 Thread 0x00000194fcac4920 DEOPT UNPACKING pc=0x00000194877d2b43 sp=0x0000004530efce30 mode 0
Event: 0.129 Thread 0x00000194fcac4920 DEOPT PACKING pc=0x0000019487d38f0c sp=0x0000004530efd9a0
Event: 0.129 Thread 0x00000194fcac4920 DEOPT UNPACKING pc=0x00000194877d2b43 sp=0x0000004530efce30 mode 0
Event: 0.195 Thread 0x00000194fcac4920 DEOPT PACKING pc=0x0000019487d36b67 sp=0x0000004530efceb0
Event: 0.195 Thread 0x00000194fcac4920 DEOPT UNPACKING pc=0x00000194877d2b43 sp=0x0000004530efc2d0 mode 0
Event: 0.542 Thread 0x00000194fcac4920 Uncommon trap: trap_request=0xffffff45 fr.pc=0x000001948f2635b4 relative=0x0000000000000374
Event: 0.542 Thread 0x00000194fcac4920 Uncommon trap: reason=unstable_if action=reinterpret pc=0x000001948f2635b4 method=java.util.zip.Inflater.inflate([BII)I @ 327 c2
Event: 0.542 Thread 0x00000194fcac4920 DEOPT PACKING pc=0x000001948f2635b4 sp=0x0000004530efda60
Event: 0.542 Thread 0x00000194fcac4920 DEOPT UNPACKING pc=0x00000194877d23a3 sp=0x0000004530efd9d0 mode 2
Event: 0.543 Thread 0x00000194fcac4920 DEOPT PACKING pc=0x0000019487d271d1 sp=0x0000004530efcaf0
Event: 0.543 Thread 0x00000194fcac4920 DEOPT UNPACKING pc=0x00000194877d2b43 sp=0x0000004530efbf68 mode 0

Classes unloaded (0 events):
No events

Classes redefined (0 events):
No events

Internal exceptions (1 events):
Event: 0.136 Thread 0x00000194fcac4920 Exception <a 'java/lang/UnsatisfiedLinkError'{0x0000000089ce0108}: 'java.lang.String org.tensorflow.TensorFlow.version()'> (0x0000000089ce0108) 
thrown [t:\workspace\open\src\hotspot\share\prims\nativeLookup.cpp, line 543]

VM Operations (2 events):
Event: 0.130 Executing VM operation: HandshakeAllThreads
Event: 0.130 Executing VM operation: HandshakeAllThreads done

Events (20 events):
Event: 0.160 loading class sun/net/www/protocol/jar/JarURLConnection$JarURLInputStream done
Event: 0.162 loading class java/io/BufferedReader
Event: 0.162 loading class java/io/Reader
Event: 0.162 loading class java/io/Reader done
Event: 0.162 loading class java/io/BufferedReader done
Event: 0.162 loading class java/io/InputStreamReader
Event: 0.163 loading class java/io/InputStreamReader done
Event: 0.163 loading class sun/nio/cs/StreamDecoder
Event: 0.163 loading class sun/nio/cs/StreamDecoder done
Event: 0.163 loading class sun/nio/cs/UTF_8$Decoder
Event: 0.163 loading class sun/nio/cs/UTF_8$Decoder done
Event: 0.163 loading class java/util/Vector
Event: 0.163 loading class java/util/Vector done
Event: 0.206 loading class java/io/DeleteOnExitHook
Event: 0.206 loading class java/io/DeleteOnExitHook done
Event: 0.206 loading class java/io/DeleteOnExitHook$1
Event: 0.206 loading class java/io/DeleteOnExitHook$1 done
Event: 0.542 loading class java/io/FileOutputStream$1
Event: 0.542 loading class java/io/FileOutputStream$1 done
Event: 0.671 Loaded shared library C:\Users\ahmed\AppData\Local\Temp\tensorflow_native_libraries-1666627052814-0\tensorflow_jni.dll


Dynamic libraries:
0x00007ff689920000 - 0x00007ff689930000 	C:\Program Files\Java\jdk-17.0.2\bin\java.exe
0x00007ff990490000 - 0x00007ff990688000 	C:\Windows\SYSTEM32\ntdll.dll
0x00007ff98fdb0000 - 0x00007ff98fe6d000 	C:\Windows\System32\KERNEL32.DLL
0x00007ff98de70000 - 0x00007ff98e142000 	C:\Windows\System32\KERNELBASE.dll
0x00007ff98dcf0000 - 0x00007ff98ddf0000 	C:\Windows\System32\ucrtbase.dll
0x00007ff989f70000 - 0x00007ff989f8a000 	C:\Program Files\Java\jdk-17.0.2\bin\VCRUNTIME140.dll
0x00007ff98aca0000 - 0x00007ff98acb8000 	C:\Program Files\Java\jdk-17.0.2\bin\jli.dll
0x00007ff98f190000 - 0x00007ff98f23e000 	C:\Windows\System32\ADVAPI32.dll
0x00007ff98e850000 - 0x00007ff98e8ee000 	C:\Windows\System32\msvcrt.dll
0x00007ff990300000 - 0x00007ff99039c000 	C:\Windows\System32\sechost.dll
0x00007ff98ff40000 - 0x00007ff990065000 	C:\Windows\System32\RPCRT4.dll
0x00007ff9900d0000 - 0x00007ff99026d000 	C:\Windows\System32\USER32.dll
0x00007ff9770a0000 - 0x00007ff97733a000 	C:\Windows\WinSxS\amd64_microsoft.windows.common-controls_6595b64144ccf1df_6.0.19041.1110_none_60b5254171f9507e\COMCTL32.dll
0x00007ff98ddf0000 - 0x00007ff98de12000 	C:\Windows\System32\win32u.dll
0x00007ff98ff00000 - 0x00007ff98ff2b000 	C:\Windows\System32\GDI32.dll
0x00007ff98e3e0000 - 0x00007ff98e4ef000 	C:\Windows\System32\gdi32full.dll
0x00007ff982750000 - 0x00007ff98275a000 	C:\Windows\SYSTEM32\VERSION.dll
0x00007ff98dba0000 - 0x00007ff98dc3d000 	C:\Windows\System32\msvcp_win.dll
0x00007ff990270000 - 0x00007ff9902a0000 	C:\Windows\System32\IMM32.DLL
0x00007ff98aed0000 - 0x00007ff98aedc000 	C:\Program Files\Java\jdk-17.0.2\bin\vcruntime140_1.dll
0x00007ff94c660000 - 0x00007ff94c6ed000 	C:\Program Files\Java\jdk-17.0.2\bin\msvcp140.dll
0x00007ff8fa740000 - 0x00007ff8fb301000 	C:\Program Files\Java\jdk-17.0.2\bin\server\jvm.dll
0x00007ff98f8b0000 - 0x00007ff98f8b8000 	C:\Windows\System32\PSAPI.DLL
0x00007ff98acf0000 - 0x00007ff98acf9000 	C:\Windows\SYSTEM32\WSOCK32.dll
0x00007ff98f0a0000 - 0x00007ff98f10b000 	C:\Windows\System32\WS2_32.dll
0x00007ff977340000 - 0x00007ff977367000 	C:\Windows\SYSTEM32\WINMM.dll
0x00007ff98c3b0000 - 0x00007ff98c3c2000 	C:\Windows\SYSTEM32\kernel.appcore.dll
0x00007ff98ac90000 - 0x00007ff98ac9a000 	C:\Program Files\Java\jdk-17.0.2\bin\jimage.dll
0x00007ff987f80000 - 0x00007ff988164000 	C:\Windows\SYSTEM32\DBGHELP.DLL
0x00007ff9727c0000 - 0x00007ff9727ec000 	C:\Windows\SYSTEM32\dbgcore.DLL
0x00007ff98e350000 - 0x00007ff98e3d2000 	C:\Windows\System32\bcryptPrimitives.dll
0x00007ff988d20000 - 0x00007ff988d45000 	C:\Program Files\Java\jdk-17.0.2\bin\java.dll
0x00007ff902fa0000 - 0x00007ff903076000 	C:\Program Files\Java\jdk-17.0.2\bin\jsvml.dll
0x00007ff98e950000 - 0x00007ff98f093000 	C:\Windows\System32\SHELL32.dll
0x00007ff98b880000 - 0x00007ff98c011000 	C:\Windows\SYSTEM32\windows.storage.dll
0x00007ff98e4f0000 - 0x00007ff98e844000 	C:\Windows\System32\combase.dll
0x00007ff98d440000 - 0x00007ff98d470000 	C:\Windows\SYSTEM32\Wldp.dll
0x00007ff9903a0000 - 0x00007ff99044d000 	C:\Windows\System32\SHCORE.dll
0x00007ff98fbd0000 - 0x00007ff98fc25000 	C:\Windows\System32\shlwapi.dll
0x00007ff98dae0000 - 0x00007ff98daff000 	C:\Windows\SYSTEM32\profapi.dll
0x00007ff9888e0000 - 0x00007ff9888f9000 	C:\Program Files\Java\jdk-17.0.2\bin\net.dll
0x00007ff97c3e0000 - 0x00007ff97c4ed000 	C:\Windows\SYSTEM32\WINHTTP.dll
0x00007ff98d220000 - 0x00007ff98d28a000 	C:\Windows\system32\mswsock.dll
0x00007ff988720000 - 0x00007ff988736000 	C:\Program Files\Java\jdk-17.0.2\bin\nio.dll
0x00007ff978ed0000 - 0x00007ff978ee8000 	C:\Program Files\Java\jdk-17.0.2\bin\zip.dll
0x00007ff8ed760000 - 0x00007ff8f22d8000 	C:\Users\ahmed\AppData\Local\Temp\tensorflow_native_libraries-1666627052814-0\tensorflow_jni.dll

dbghelp: loaded successfully - version: 4.0.5 - missing functions: none
symbol engine: initialized successfully - sym options: 0x614 - pdb path: .;C:\Program Files\Java\jdk-17.0.2\bin;C:\Windows\SYSTEM32;C:\Windows\WinSxS\amd64_microsoft.windows.common-controls_6595b64144ccf1df_6.0.19041.1110_none_60b5254171f9507e;C:\Program Files\Java\jdk-17.0.2\bin\server;C:\Users\ahmed\AppData\Local\Temp\tensorflow_native_libraries-1666627052814-0

VM Arguments:
jvm_args: -XX:+ShowCodeDetailsInExceptionMessages 
java_command: controllers.TestMl
java_class_path (initial): C:\Users\ahmed\Desktop\Projects\BigData\bigdata4\target\classes;D:\apache-tomee-plume-8.0.12\lib\jakarta.faces-2.3.15.jar;D:\apache-tomee-plume-8.0.12\lib\javaee-api-8.0-6-tomcat.jar;C:\Users\ahmed\.m2\repository\org\tensorflow\tensorflow\1.15.0\tensorflow-1.15.0.jar;C:\Users\ahmed\.m2\repository\org\tensorflow\libtensorflow\1.15.0\libtensorflow-1.15.0.jar;C:\Users\ahmed\.m2\repository\org\tensorflow\libtensorflow_jni\1.15.0\libtensorflow_jni-1.15.0.jar;C:\Users\ahmed\.m2\repository\org\neo4j\driver\neo4j-java-driver\5.1.0\neo4j-java-driver-5.1.0.jar;C:\Users\ahmed\.m2\repository\org\reactivestreams\reactive-streams\1.0.4\reactive-streams-1.0.4.jar;C:\Users\ahmed\.m2\repository\io\netty\netty-handler\4.1.82.Final\netty-handler-4.1.82.Final.jar;C:\Users\ahmed\.m2\repository\io\netty\netty-common\4.1.82.Final\netty-common-4.1.82.Final.jar;C:\Users\ahmed\.m2\repository\io\netty\netty-resolver\4.1.82.Final\netty-resolver-4.1.82.Final.jar;C:\Users\ahmed\.m2\repository\io\netty\netty-buffer\4.1.82.Final\netty-buffer-4.1.82.Final.jar;C:\Users\ahmed\.m2\repository\io\netty\netty-transport\4.1.82.Final\netty-transport-4.1.82.Final.jar;C:\Users\ahmed\.m2\repository\io\netty\netty-transport-native-unix-common\4.1.82.Final\netty-transport-native-unix-common-4.1.82.Final.jar;C:\Users\ahmed\.m2\repository\io\netty\netty-codec\4.1.82.Final\netty-codec-4.1.82.Final.jar;C:\Users\ahmed\.m2\repository\io\netty\netty-tcnative-classes\2.0.54.Final\netty-tcnative-classes-2.0.54.Final.jar;C:\Users\ahmed\.m2\repository\io\projectreactor\reactor-core\3.4.23\reactor-core-3.4.23.jar;C:\Users\ahmed\.m2\repository\javax\servlet\javax.servlet-api\4.0.1\javax.servlet-api-4.0.1.jar;C:\Users\ahmed\.m2\repository\org\webjars\font-awesome\4.7.0\font-awesome-4.7.0.jar;C:\Users\ahmed\.m2\repository\javax\faces\jsf-api\2.0\jsf-api-2.0.jar;C:\Users\ahmed\.m2\repository\org\projectlombok\lombok\1.18.24\lombok-1.18.24.jar;C:\Users\ahmed\.m2\repository\javax\enterprise\cdi-api\2
Launcher Type: SUN_STANDARD

[Global flags]
     intx CICompilerCount                          = 3                                         {product} {ergonomic}
     uint ConcGCThreads                            = 1                                         {product} {ergonomic}
     uint G1ConcRefinementThreads                  = 4                                         {product} {ergonomic}
   size_t G1HeapRegionSize                         = 1048576                                   {product} {ergonomic}
    uintx GCDrainStackTargetSize                   = 64                                        {product} {ergonomic}
   size_t InitialHeapSize                          = 134217728                                 {product} {ergonomic}
   size_t MarkStackSize                            = 4194304                                   {product} {ergonomic}
   size_t MaxHeapSize                              = 2116026368                                {product} {ergonomic}
   size_t MaxNewSize                               = 1268776960                                {product} {ergonomic}
   size_t MinHeapDeltaBytes                        = 1048576                                   {product} {ergonomic}
   size_t MinHeapSize                              = 8388608                                   {product} {ergonomic}
    uintx NonNMethodCodeHeapSize                   = 5832780                                {pd product} {ergonomic}
    uintx NonProfiledCodeHeapSize                  = 122912730                              {pd product} {ergonomic}
    uintx ProfiledCodeHeapSize                     = 122912730                              {pd product} {ergonomic}
    uintx ReservedCodeCacheSize                    = 251658240                              {pd product} {ergonomic}
     bool SegmentedCodeCache                       = true                                      {product} {ergonomic}
     bool ShowCodeDetailsInExceptionMessages       = true                                   {manageable} {command line}
   size_t SoftMaxHeapSize                          = 2116026368                             {manageable} {ergonomic}
     bool UseCompressedClassPointers               = true                           {product lp64_product} {ergonomic}
     bool UseCompressedOops                        = true                           {product lp64_product} {ergonomic}
     bool UseG1GC                                  = true                                      {product} {ergonomic}
     bool UseLargePagesIndividualAllocation        = false                                  {pd product} {ergonomic}

Logging:
Log output configuration:
 #0: stdout all=warning uptime,level,tags
 #1: stderr all=off uptime,level,tags

Environment Variables:
JAVA_HOME=C:\Program Files\Java\jdk-17.0.2
PATH=C:\Program Files\Microsoft\jdk-11.0.12.7-hotspot\bin;C:\Program Files (x86)\Common Files\Intel\Shared Libraries\redist\intel64\compiler;C:\Program Files (x86)\VMware\VMware Workstation\bin\;C:\Program Files\Common Files\Oracle\Java\javapath;C:\Windows\system32;C:\Windows;C:\Windows\System32\Wbem;C:\Windows\System32\WindowsPowerShell\v1.0\;C:\Windows\System32\OpenSSH\;C:\Program Files\Java\jdk-17.0.2\bin;C:\ProgramData\chocolatey\bin;C:\Program Files\nodejs\;C:\Users\ahmed\AppData\Local\Programs\Python\Python310;C:\Users\ahmed\AppData\Local\Programs\Python\Python310\Scripts;C:\Program Files\Microsoft SQL Server\150\Tools\Binn\;C:\Program Files\Microsoft SQL Server\Client SDK\ODBC\170\Tools\Binn\;C:\Program Files\dotnet\;C:\Program Files (x86)\Intel\Intel(R) Management Engine Components\DAL;C:\Program Files\Intel\Intel(R) Management Engine Components\DAL;D:\apache-maven-3.8.6\bin;%CATALINA_HOME%\bin;C:\Program Files\Git\cmd;C:\Program Files\MongoDB\Server\6.0\bin;C:\Users\ahmed\AppData\Local\Microsoft\WindowsApps;C:\flutter\bin;C:\tools\dart-sdk\bin;C:\Users\ahmed\AppData\Roaming\Pub\Cache\bin;C:\tools\dart-sdk;C:\Users\ahmed\AppData\Roaming\npm;C:\Users\ahmed\AppData\Local\Programs\Microsoft VS Code\bin;C:\Users\ahmed\.dotnet\tools
USERNAME=ahmed
LANG=en_US.UTF-8
OS=Windows_NT
PROCESSOR_IDENTIFIER=Intel64 Family 6 Model 142 Stepping 9, GenuineIntel



---------------  S Y S T E M  ---------------

OS:
 Windows 10 , 64 bit Build 19041 (10.0.19041.1889)
OS uptime: 1 days 17:44 hours
Hyper-V role detected

CPU: total 4 (initial active 4) (2 cores per cpu, 2 threads per core) family 6 model 142 stepping 9 microcode 0xf0, cx8, cmov, fxsr, ht, mmx, 3dnowpref, sse, sse2, sse3, ssse3, sse4.1, sse4.2, popcnt, lzcnt, tsc, tscinvbit, avx, avx2, aes, erms, clmul, bmi1, bmi2, rtm, adx, fma, vzeroupper, clflush, clflushopt, hv

Memory: 4k page, system-wide physical 8067M (1100M free)
TotalPageFile size 13187M (AvailPageFile size 2080M)
current process WorkingSet (physical memory assigned to process): 53M, peak: 53M
current process commit charge ("private bytes"): 217M, peak: 217M

vm_info: Java HotSpot(TM) 64-Bit Server VM (17.0.2+8-LTS-86) for windows-amd64 JRE (17.0.2+8-LTS-86), built on Dec  7 2021 21:51:03 by "mach5one" with MS VC++ 16.8 / 16.9 (VS2019)

END.
